\BOOKMARK [1][-]{section.1}{Introduction}{}% 1
\BOOKMARK [1][-]{section.2}{Specification\040of\040Q}{}% 2
\BOOKMARK [2][-]{subsection.2.1}{Syntax}{section.2}% 3
\BOOKMARK [2][-]{subsection.2.2}{Typing\040Rules}{section.2}% 4
\BOOKMARK [3][-]{subsubsection.2.2.1}{Typing\040rules\040for\040gates}{subsection.2.2}% 5
\BOOKMARK [3][-]{subsubsection.2.2.2}{Typing\040rules\040for\040patterns}{subsection.2.2}% 6
\BOOKMARK [3][-]{subsubsection.2.2.3}{Typing\040rules\040for\040circuits}{subsection.2.2}% 7
\BOOKMARK [3][-]{subsubsection.2.2.4}{Typing\040rules\040for\040terms}{subsection.2.2}% 8
\BOOKMARK [2][-]{subsection.2.3}{Syntactic\040Sugar}{section.2}% 9
\BOOKMARK [1][-]{section.3}{Frontend}{}% 10
\BOOKMARK [2][-]{subsection.3.1}{Lexer\040&\040Parser}{section.3}% 11
\BOOKMARK [2][-]{subsection.3.2}{Desugar}{section.3}% 12
\BOOKMARK [2][-]{subsection.3.3}{Type\040Inference}{section.3}% 13
\BOOKMARK [2][-]{subsection.3.4}{Intermediate\040Code\040Generation}{section.3}% 14
\BOOKMARK [1][-]{section.4}{Backend}{}% 15
\BOOKMARK [2][-]{subsection.4.1}{Lexer\040&\040Parser}{section.4}% 16
\BOOKMARK [2][-]{subsection.4.2}{Qubit\040Allocation}{section.4}% 17
\BOOKMARK [3][-]{subsubsection.4.2.1}{Problem\040Definition}{subsection.4.2}% 18
\BOOKMARK [3][-]{subsubsection.4.2.2}{Algorithm}{subsection.4.2}% 19
\BOOKMARK [2][-]{subsection.4.3}{Optimization}{section.4}% 20
\BOOKMARK [3][-]{subsubsection.4.3.1}{Graph\040Conversion}{subsection.4.3}% 21
\BOOKMARK [3][-]{subsubsection.4.3.2}{Gate\040Decomposition}{subsection.4.3}% 22
\BOOKMARK [3][-]{subsubsection.4.3.3}{Hardmard\040Reduction}{subsection.4.3}% 23
\BOOKMARK [3][-]{subsubsection.4.3.4}{Gate\040Cancellation}{subsection.4.3}% 24
\BOOKMARK [1][-]{section.5}{Usage\040and\040Examples}{}% 25
\BOOKMARK [2][-]{subsection.5.1}{Quantum\040Teleportation}{section.5}% 26
\BOOKMARK [2][-]{subsection.5.2}{Simple\040Optimization}{section.5}% 27
\BOOKMARK [1][-]{section.6}{Roles\040and\040Responsibilities}{}% 28
